<?xml version="1.0" encoding="UTF-8"?>
<!-- Generated by org.testng.reporters.JUnitReportReporter -->
<testsuite hostname="Tulajdonos-PC" name="Tests.BaseTest" tests="1" failures="0" timestamp="24 Feb 2015 17:46:57 GMT" time="5.415" errors="0">
  <testcase name="Test01" time="5.415" classname="Tests.BaseTest"/>
</testsuite> <!-- Tests.BaseTest -->
